<?xml version="1.0" encoding="UTF-8"?>
<!-- Generated by org.testng.reporters.JUnitReportReporter -->
<testsuite hostname="Arjen" failures="0" tests="1" name="Project2.testCase19" time="6.385" errors="0" timestamp="2023-09-23T19:15:41 IST" skipped="0">
  <testcase classname="Project2.testCase19" name="products" time="6.385"/>
  <system-out/>
</testsuite> <!-- Project2.testCase19 -->
