<?xml version="1.0" encoding="UTF-8"?>
<!-- Generated by org.testng.reporters.JUnitReportReporter -->
<testsuite hostname="Arjen" failures="0" tests="3" name="Project2.testCase06" time="2.095" errors="0" timestamp="2023-09-27T23:17:22 IST" skipped="0">
  <testcase classname="Project2.testCase06" name="homePage" time="0.010"/>
  <system-out/>
  <testcase classname="Project2.testCase06" name="contactUs" time="1.531"/>
  <system-out/>
  <testcase classname="Project2.testCase06" name="getInTouch" time="0.554"/>
  <system-out/>
</testsuite> <!-- Project2.testCase06 -->
