<?xml version="1.0" encoding="UTF-8"?>
<!-- Generated by org.testng.reporters.JUnitReportReporter -->
<testsuite hostname="Arjen" failures="0" tests="2" name="Project2.testCase07" time="0.840" errors="0" timestamp="2023-09-20T22:24:26 IST" skipped="0">
  <testcase classname="Project2.testCase07" name="testCasses" time="0.831"/>
  <system-out/>
  <testcase classname="Project2.testCase07" name="homePage" time="0.009"/>
  <system-out/>
</testsuite> <!-- Project2.testCase07 -->
