<?xml version="1.0" encoding="UTF-8"?>
<!-- Generated by org.testng.reporters.JUnitReportReporter -->
<testsuite hostname="Arjen" failures="0" tests="1" name="Project2.testCase22" time="2.393" errors="0" timestamp="2023-09-23T21:06:40 IST" skipped="0">
  <testcase classname="Project2.testCase22" name="recommendedItem" time="2.393"/>
  <system-out/>
</testsuite> <!-- Project2.testCase22 -->
