<?xml version="1.0" encoding="UTF-8"?>
<!-- Generated by org.testng.reporters.JUnitReportReporter -->
<testsuite hostname="Arjen" failures="0" tests="2" name="Project2.testCase13" time="4.270" errors="0" timestamp="2023-09-28T19:25:52 IST" skipped="0">
  <testcase classname="Project2.testCase13" name="viewProduct" time="4.263"/>
  <system-out/>
  <testcase classname="Project2.testCase13" name="homePage" time="0.007"/>
  <system-out/>
</testsuite> <!-- Project2.testCase13 -->
