<?xml version="1.0" encoding="UTF-8"?>
<!-- Generated by org.testng.reporters.JUnitReportReporter -->
<testsuite hostname="Arjen" failures="0" tests="3" name="Project2.testCase05" time="4.060" errors="0" timestamp="2023-09-20T20:23:55 IST" skipped="0">
  <testcase classname="Project2.testCase05" name="homePage" time="0.010"/>
  <system-out/>
  <testcase classname="Project2.testCase05" name="signupBtn" time="1.410"/>
  <system-out/>
  <testcase classname="Project2.testCase05" name="signUpPage" time="2.640"/>
  <system-out/>
</testsuite> <!-- Project2.testCase05 -->
