<?xml version="1.0" encoding="UTF-8"?>
<!-- Generated by org.testng.reporters.JUnitReportReporter -->
<testsuite hostname="Arjen" failures="0" tests="1" name="Project2.testCase18" time="8.569" errors="0" timestamp="2023-09-23T18:54:15 IST" skipped="0">
  <testcase classname="Project2.testCase18" name="leftSidebar" time="8.569"/>
  <system-out/>
</testsuite> <!-- Project2.testCase18 -->
