<?xml version="1.0" encoding="UTF-8"?>
<!-- Generated by org.testng.reporters.JUnitReportReporter -->
<testsuite hostname="Arjen" failures="0" tests="1" name="Project2.testCase18" time="13.717" errors="0" timestamp="2023-09-29T00:05:48 IST" skipped="0">
  <testcase classname="Project2.testCase18" name="leftSidebar" time="13.717"/>
  <system-out/>
</testsuite> <!-- Project2.testCase18 -->
