<?xml version="1.0" encoding="UTF-8"?>
<!-- Generated by org.testng.reporters.JUnitReportReporter -->
<testsuite hostname="Arjen" failures="0" tests="2" name="Project2.testCase17" time="5.676" errors="0" timestamp="2023-09-23T18:10:41 IST" skipped="0">
  <testcase classname="Project2.testCase17" name="deletionOfprod" time="5.671"/>
  <system-out/>
  <testcase classname="Project2.testCase17" name="homePage" time="0.005"/>
  <system-out/>
</testsuite> <!-- Project2.testCase17 -->
