<?xml version="1.0" encoding="UTF-8"?>
<!-- Generated by org.testng.reporters.JUnitReportReporter -->
<testsuite hostname="Arjen" failures="0" tests="2" name="Project2.testCase12" time="15.289" errors="0" timestamp="2023-09-22T21:07:28 IST" skipped="0">
  <testcase classname="Project2.testCase12" name="products" time="15.281"/>
  <system-out/>
  <testcase classname="Project2.testCase12" name="homePage" time="0.008"/>
  <system-out/>
</testsuite> <!-- Project2.testCase12 -->
