<?xml version="1.0" encoding="UTF-8"?>
<!-- Generated by org.testng.reporters.JUnitReportReporter -->
<testsuite hostname="Arjen" failures="0" tests="2" name="Project2.testCase10" time="0.202" errors="0" timestamp="2023-09-28T07:12:20 IST" skipped="0">
  <testcase classname="Project2.testCase10" name="footer" time="0.196"/>
  <system-out/>
  <testcase classname="Project2.testCase10" name="homePage" time="0.006"/>
  <system-out/>
</testsuite> <!-- Project2.testCase10 -->
