<?xml version="1.0" encoding="UTF-8"?>
<!-- Generated by org.testng.reporters.JUnitReportReporter -->
<testsuite hostname="Arjen" failures="0" tests="1" name="Project2.testCase19" time="12.344" errors="0" timestamp="2023-09-29T00:08:06 IST" skipped="0">
  <testcase classname="Project2.testCase19" name="products" time="12.344"/>
  <system-out/>
</testsuite> <!-- Project2.testCase19 -->
