<?xml version="1.0" encoding="UTF-8"?>
<!-- Generated by org.testng.reporters.JUnitReportReporter -->
<testsuite hostname="Arjen" failures="0" tests="2" name="Project2.testcase25" time="4.137" errors="0" timestamp="2023-09-23T22:51:36 IST" skipped="0">
  <testcase classname="Project2.testcase25" name="homePage" time="0.009"/>
  <system-out/>
  <testcase classname="Project2.testcase25" name="scroll" time="4.128"/>
  <system-out/>
</testsuite> <!-- Project2.testcase25 -->
