<?xml version="1.0" encoding="UTF-8"?>
<!-- Generated by org.testng.reporters.JUnitReportReporter -->
<testsuite hostname="Arjen" failures="0" tests="2" name="Project2.testCase08" time="7.318" errors="0" timestamp="2023-09-28T00:31:07 IST" skipped="0">
  <testcase classname="Project2.testCase08" name="products" time="7.308"/>
  <system-out/>
  <testcase classname="Project2.testCase08" name="homePage" time="0.010"/>
  <system-out/>
</testsuite> <!-- Project2.testCase08 -->
