<?xml version="1.0" encoding="UTF-8"?>
<!-- Generated by org.testng.reporters.JUnitReportReporter -->
<testsuite hostname="Arjen" failures="0" tests="2" name="Project2.testCase11" time="1.918" errors="0" timestamp="2023-09-21T22:49:27 IST" skipped="0">
  <testcase classname="Project2.testCase11" name="footer" time="1.906"/>
  <system-out/>
  <testcase classname="Project2.testCase11" name="homePage" time="0.012"/>
  <system-out/>
</testsuite> <!-- Project2.testCase11 -->
