<?xml version="1.0" encoding="UTF-8"?>
<!-- Generated by org.testng.reporters.JUnitReportReporter -->
<testsuite hostname="Arjen" failures="0" tests="2" name="Project2.testCase09" time="8.779" errors="0" timestamp="2023-09-21T21:47:01 IST" skipped="0">
  <testcase classname="Project2.testCase09" name="products" time="8.772"/>
  <system-out/>
  <testcase classname="Project2.testCase09" name="homePage" time="0.007"/>
  <system-out/>
</testsuite> <!-- Project2.testCase09 -->
