<?xml version="1.0" encoding="UTF-8"?>
<!-- Generated by org.testng.reporters.JUnitReportReporter -->
<testsuite hostname="Arjen" failures="0" tests="2" name="Project2.testCase17" time="3.978" errors="0" timestamp="2023-09-29T00:00:46 IST" skipped="0">
  <testcase classname="Project2.testCase17" name="deletionOfprod" time="3.972"/>
  <system-out/>
  <testcase classname="Project2.testCase17" name="homePage" time="0.006"/>
  <system-out/>
</testsuite> <!-- Project2.testCase17 -->
