<?xml version="1.0" encoding="UTF-8"?>
<!-- Generated by org.testng.reporters.JUnitReportReporter -->
<testsuite hostname="Arjen" failures="0" tests="2" name="Project2.testCase03" time="1.507" errors="0" timestamp="2023-09-20T19:36:48 IST" skipped="0">
  <testcase classname="Project2.testCase03" name="homePage" time="0.011"/>
  <system-out/>
  <testcase classname="Project2.testCase03" name="loginToAccount" time="1.496"/>
  <system-out/>
</testsuite> <!-- Project2.testCase03 -->
