<?xml version="1.0" encoding="UTF-8"?>
<!-- Generated by org.testng.reporters.JUnitReportReporter -->
<testsuite hostname="Arjen" failures="0" tests="2" name="Project2.testCase26" time="4.117" errors="0" timestamp="2023-09-23T22:57:35 IST" skipped="0">
  <testcase classname="Project2.testCase26" name="homePage" time="0.012"/>
  <system-out/>
  <testcase classname="Project2.testCase26" name="scroll" time="4.105"/>
  <system-out/>
</testsuite> <!-- Project2.testCase26 -->
