<?xml version="1.0" encoding="UTF-8"?>
<!-- Generated by org.testng.reporters.JUnitReportReporter -->
<testsuite hostname="Arjen" failures="0" tests="3" name="Project2.testCase02" time="12.667" errors="0" timestamp="2023-09-20T22:26:56 IST" skipped="0">
  <testcase classname="Project2.testCase02" name="homePage" time="0.010"/>
  <system-out/>
  <testcase classname="Project2.testCase02" name="loginToAccount" time="10.686"/>
  <system-out/>
  <testcase classname="Project2.testCase02" name="deleteLoggedInAccount" time="1.971"/>
  <system-out/>
</testsuite> <!-- Project2.testCase02 -->
