<?xml version="1.0" encoding="UTF-8"?>
<!-- Generated by org.testng.reporters.JUnitReportReporter -->
<testsuite hostname="Arjen" failures="0" tests="3" name="Project2.testCase20" time="47.935" errors="0" timestamp="2023-09-29T00:12:47 IST" skipped="0">
  <testcase classname="Project2.testCase20" name="products" time="8.174"/>
  <system-out/>
  <testcase classname="Project2.testCase20" name="addingAllProducts" time="17.409"/>
  <system-out/>
  <testcase classname="Project2.testCase20" name="cart" time="22.352"/>
  <system-out/>
</testsuite> <!-- Project2.testCase20 -->
