<?xml version="1.0" encoding="UTF-8"?>
<!-- Generated by org.testng.reporters.JUnitReportReporter -->
<testsuite hostname="Arjen" failures="0" tests="3" name="Project2.testCase20" time="43.730" errors="0" timestamp="2023-09-23T19:53:46 IST" skipped="0">
  <testcase classname="Project2.testCase20" name="products" time="8.037"/>
  <system-out/>
  <testcase classname="Project2.testCase20" name="addingAllProducts" time="17.386"/>
  <system-out/>
  <testcase classname="Project2.testCase20" name="cart" time="18.307"/>
  <system-out/>
</testsuite> <!-- Project2.testCase20 -->
