<?xml version="1.0" encoding="UTF-8"?>
<!-- Generated by org.testng.reporters.JUnitReportReporter -->
<testsuite hostname="Arjen" failures="0" tests="2" name="Project2.testCase13" time="7.382" errors="0" timestamp="2023-09-22T23:15:34 IST" skipped="0">
  <testcase classname="Project2.testCase13" name="viewProduct" time="7.373"/>
  <system-out/>
  <testcase classname="Project2.testCase13" name="homePage" time="0.009"/>
  <system-out/>
</testsuite> <!-- Project2.testCase13 -->
